<?xml version="1.0" encoding="UTF-8"?>
<!-- Generated by org.testng.reporters.JUnitXMLReporter -->
<testsuite ignored="1" hostname="DESKTOP-6HS7B1V" failures="0" tests="8" name="Surefire test" time="25.009" errors="0" timestamp="2024-05-01T09:13:56 CEST">
  <testcase classname="practice_page.Test_Cases_Set_One" name="case1" time="4.677"/>
  <testcase classname="practice_page.Test_Cases_Set_One" name="case2" time="1.77"/>
  <testcase classname="practice_page.Test_Cases_Set_Three" name="case1" time="0.006"/>
  <testcase classname="practice_page.Test_Cases_Set_Three" name="values" time="0.003"/>
  <testcase classname="practice_page.Test_Cases_Set_Three" name="values" time="0.003"/>
  <testcase classname="practice_page.Test_Cases_Set_Two" name="case1" time="7.041"/>
  <testcase classname="practice_page.Test_Cases_Set_Two" name="case2" time="1.524"/>
  <testcase classname="practice_page.Test_Cases_Set_Two" name="case4" time="0.007"/>
  <testcase classname="practice_page.Test_Cases_Set_Two" name="case3" time="0.0">
    <ignored/>
  </testcase> <!-- case3 -->
</testsuite> <!-- Surefire test -->
