<?xml version="1.0" encoding="UTF-8"?>
<testng-results ignored="1" total="9" passed="8" failed="0" skipped="0">
  <reporter-output>
  </reporter-output>
  <suite started-at="2024-05-01T09:13:31 CEST" name="Surefire suite" finished-at="2024-05-01T09:13:56 CEST" duration-ms="25009">
    <groups>
      <group name="group1">
        <method signature="Test_Cases_Set_Three.case1()[pri:0, instance:practice_page.Test_Cases_Set_Three@4da4253]" name="case1" class="practice_page.Test_Cases_Set_Three"/>
      </group> <!-- group1 -->
    </groups>
    <test started-at="2024-05-01T09:13:31 CEST" name="Surefire test" finished-at="2024-05-01T09:13:56 CEST" duration-ms="25009">
      <class name="practice_page.Test_Cases_Set_One">
        <test-method is-config="true" signature="suite_Start()[pri:0, instance:practice_page.Test_Cases_Set_One@865dd6]" started-at="2024-05-01T09:13:31 CEST" name="suite_Start" finished-at="2024-05-01T09:13:31 CEST" duration-ms="40" status="PASS">
          <reporter-output>
          </reporter-output>
        </test-method> <!-- suite_Start -->
        <test-method is-config="true" signature="starting_Point()[pri:0, instance:practice_page.Test_Cases_Set_One@865dd6]" started-at="2024-05-01T09:13:32 CEST" name="starting_Point" finished-at="2024-05-01T09:13:32 CEST" duration-ms="3" status="PASS">
          <reporter-output>
          </reporter-output>
        </test-method> <!-- starting_Point -->
        <test-method is-config="true" signature="browser_open()[pri:0, instance:practice_page.Test_Cases_Set_One@865dd6]" started-at="2024-05-01T09:13:32 CEST" name="browser_open" finished-at="2024-05-01T09:13:38 CEST" duration-ms="6238" status="PASS">
          <reporter-output>
          </reporter-output>
        </test-method> <!-- browser_open -->
        <test-method is-config="true" signature="before_All_Class()[pri:0, instance:practice_page.Test_Cases_Set_One@865dd6]" started-at="2024-05-01T09:13:38 CEST" name="before_All_Class" finished-at="2024-05-01T09:13:38 CEST" duration-ms="0" status="PASS">
          <reporter-output>
          </reporter-output>
        </test-method> <!-- before_All_Class -->
        <test-method is-config="true" signature="entry_Run_for_all_method()[pri:0, instance:practice_page.Test_Cases_Set_One@865dd6]" started-at="2024-05-01T09:13:38 CEST" name="entry_Run_for_all_method" finished-at="2024-05-01T09:13:38 CEST" duration-ms="2" status="PASS">
          <reporter-output>
          </reporter-output>
        </test-method> <!-- entry_Run_for_all_method -->
        <test-method signature="case1()[pri:1, instance:practice_page.Test_Cases_Set_One@865dd6]" started-at="2024-05-01T09:13:38 CEST" name="case1" finished-at="2024-05-01T09:13:43 CEST" duration-ms="4677" status="PASS">
          <reporter-output>
          </reporter-output>
        </test-method> <!-- case1 -->
        <test-method is-config="true" signature="exit_Run_for_all_method()[pri:0, instance:practice_page.Test_Cases_Set_One@865dd6]" started-at="2024-05-01T09:13:43 CEST" name="exit_Run_for_all_method" finished-at="2024-05-01T09:13:43 CEST" duration-ms="3" status="PASS">
          <reporter-output>
          </reporter-output>
        </test-method> <!-- exit_Run_for_all_method -->
        <test-method is-config="true" signature="entry_Run_for_all_method()[pri:0, instance:practice_page.Test_Cases_Set_One@865dd6]" started-at="2024-05-01T09:13:43 CEST" name="entry_Run_for_all_method" finished-at="2024-05-01T09:13:43 CEST" duration-ms="1" status="PASS">
          <reporter-output>
          </reporter-output>
        </test-method> <!-- entry_Run_for_all_method -->
        <test-method signature="case2()[pri:2, instance:practice_page.Test_Cases_Set_One@865dd6]" started-at="2024-05-01T09:13:43 CEST" name="case2" finished-at="2024-05-01T09:13:44 CEST" duration-ms="1770" status="PASS">
          <reporter-output>
          </reporter-output>
        </test-method> <!-- case2 -->
        <test-method is-config="true" signature="exit_Run_for_all_method()[pri:0, instance:practice_page.Test_Cases_Set_One@865dd6]" started-at="2024-05-01T09:13:45 CEST" name="exit_Run_for_all_method" finished-at="2024-05-01T09:13:45 CEST" duration-ms="0" status="PASS">
          <reporter-output>
          </reporter-output>
        </test-method> <!-- exit_Run_for_all_method -->
        <test-method is-config="true" signature="after_All_Class()[pri:0, instance:practice_page.Test_Cases_Set_One@865dd6]" started-at="2024-05-01T09:13:45 CEST" name="after_All_Class" finished-at="2024-05-01T09:13:45 CEST" duration-ms="1" status="PASS">
          <reporter-output>
          </reporter-output>
        </test-method> <!-- after_All_Class -->
        <test-method is-config="true" signature="Close_Window()[pri:0, instance:practice_page.Test_Cases_Set_One@865dd6]" started-at="2024-05-01T09:13:45 CEST" name="Close_Window" finished-at="2024-05-01T09:13:45 CEST" duration-ms="203" status="PASS">
          <reporter-output>
          </reporter-output>
        </test-method> <!-- Close_Window -->
        <test-method is-config="true" signature="endMessage()[pri:0, instance:practice_page.Test_Cases_Set_One@865dd6]" started-at="2024-05-01T09:13:56 CEST" name="endMessage" finished-at="2024-05-01T09:13:56 CEST" duration-ms="0" status="PASS">
          <reporter-output>
          </reporter-output>
        </test-method> <!-- endMessage -->
        <test-method is-config="true" signature="after_Suite_Ends()[pri:0, instance:practice_page.Test_Cases_Set_One@865dd6]" started-at="2024-05-01T09:13:56 CEST" name="after_Suite_Ends" finished-at="2024-05-01T09:13:56 CEST" duration-ms="0" status="PASS">
          <reporter-output>
          </reporter-output>
        </test-method> <!-- after_Suite_Ends -->
      </class> <!-- practice_page.Test_Cases_Set_One -->
      <class name="practice_page.Test_Cases_Set_Two">
        <test-method is-config="true" signature="browser_open()[pri:0, instance:practice_page.Test_Cases_Set_Two@3972a855]" started-at="2024-05-01T09:13:46 CEST" name="browser_open" finished-at="2024-05-01T09:13:48 CEST" duration-ms="1633" status="PASS">
          <reporter-output>
          </reporter-output>
        </test-method> <!-- browser_open -->
        <test-method signature="case1()[pri:0, instance:practice_page.Test_Cases_Set_Two@3972a855]" started-at="2024-05-01T09:13:48 CEST" name="case1" finished-at="2024-05-01T09:13:55 CEST" duration-ms="7041" status="PASS">
          <reporter-output>
          </reporter-output>
        </test-method> <!-- case1 -->
        <test-method signature="case2()[pri:0, instance:practice_page.Test_Cases_Set_Two@3972a855]" started-at="2024-05-01T09:13:55 CEST" name="case2" finished-at="2024-05-01T09:13:56 CEST" depends-on-methods="practice_page.Test_Cases_Set_Two.case1" duration-ms="1524" status="PASS">
          <reporter-output>
          </reporter-output>
        </test-method> <!-- case2 -->
        <test-method signature="case4()[pri:0, instance:practice_page.Test_Cases_Set_Two@3972a855]" started-at="2024-05-01T09:13:56 CEST" name="case4" finished-at="2024-05-01T09:13:56 CEST" duration-ms="7" status="PASS">
          <reporter-output>
          </reporter-output>
        </test-method> <!-- case4 -->
        <test-method is-config="true" signature="Close_Window()[pri:0, instance:practice_page.Test_Cases_Set_Two@3972a855]" started-at="2024-05-01T09:13:56 CEST" name="Close_Window" finished-at="2024-05-01T09:13:56 CEST" duration-ms="164" status="PASS">
          <reporter-output>
          </reporter-output>
        </test-method> <!-- Close_Window -->
      </class> <!-- practice_page.Test_Cases_Set_Two -->
      <class name="practice_page.Test_Cases_Set_Three">
        <test-method is-config="true" signature="browser_open()[pri:0, instance:practice_page.Test_Cases_Set_Three@4da4253]" started-at="2024-05-01T09:13:45 CEST" name="browser_open" finished-at="2024-05-01T09:13:46 CEST" duration-ms="1033" status="PASS">
          <reporter-output>
          </reporter-output>
        </test-method> <!-- browser_open -->
        <test-method signature="case1()[pri:0, instance:practice_page.Test_Cases_Set_Three@4da4253]" started-at="2024-05-01T09:13:46 CEST" name="case1" finished-at="2024-05-01T09:13:46 CEST" duration-ms="6" status="PASS">
          <reporter-output>
          </reporter-output>
        </test-method> <!-- case1 -->
        <test-method signature="values(java.lang.String, java.lang.String)[pri:0, instance:practice_page.Test_Cases_Set_Three@4da4253]" started-at="2024-05-01T09:13:46 CEST" name="values" data-provider="dpMethod" finished-at="2024-05-01T09:13:46 CEST" duration-ms="3" status="PASS">
          <params>
            <param index="0">
              <value>
                <![CDATA[val1]]>
              </value>
            </param>
            <param index="1">
              <value>
                <![CDATA[val2]]>
              </value>
            </param>
          </params>
          <reporter-output>
          </reporter-output>
        </test-method> <!-- values -->
        <test-method signature="values(java.lang.String, java.lang.String)[pri:0, instance:practice_page.Test_Cases_Set_Three@4da4253]" started-at="2024-05-01T09:13:46 CEST" name="values" data-provider="dpMethod" finished-at="2024-05-01T09:13:46 CEST" duration-ms="3" status="PASS">
          <params>
            <param index="0">
              <value>
                <![CDATA[val3]]>
              </value>
            </param>
            <param index="1">
              <value>
                <![CDATA[val4]]>
              </value>
            </param>
          </params>
          <reporter-output>
          </reporter-output>
        </test-method> <!-- values -->
        <test-method is-config="true" signature="Close_Window()[pri:0, instance:practice_page.Test_Cases_Set_Three@4da4253]" started-at="2024-05-01T09:13:46 CEST" name="Close_Window" finished-at="2024-05-01T09:13:46 CEST" duration-ms="189" status="PASS">
          <reporter-output>
          </reporter-output>
        </test-method> <!-- Close_Window -->
      </class> <!-- practice_page.Test_Cases_Set_Three -->
    </test> <!-- Surefire test -->
  </suite> <!-- Surefire suite -->
</testng-results>
